2021-07-05 09:32:49.099077 (MainThread): Running with dbt=0.19.2
2021-07-05 09:32:49.224407 (MainThread): running dbt with arguments Namespace(cls=<class 'dbt.task.run.RunTask'>, debug=False, defer=None, exclude=None, fail_fast=False, full_refresh=False, log_cache_events=False, log_format='default', models=None, partial_parse=None, profile=None, profiles_dir='/Users/carlosvalderrama/.dbt', project_dir=None, record_timing_info=None, rpc_method='run', selector_name=None, single_threaded=False, state=None, strict=False, target=None, test_new_parser=False, threads=None, use_cache=True, use_colors=None, vars='{}', version_check=True, warn_error=False, which='run', write_json=True)
2021-07-05 09:32:49.225959 (MainThread): Tracking: tracking
2021-07-05 09:32:49.244279 (MainThread): Sending event: {'category': 'dbt', 'action': 'invocation', 'label': 'start', 'context': [<snowplow_tracker.self_describing_json.SelfDescribingJson object at 0x11011cfa0>, <snowplow_tracker.self_describing_json.SelfDescribingJson object at 0x11015ed30>, <snowplow_tracker.self_describing_json.SelfDescribingJson object at 0x11015e190>]}
2021-07-05 09:32:49.261583 (MainThread): Partial parsing not enabled
2021-07-05 09:32:49.263982 (MainThread): Parsing macros/catalog.sql
2021-07-05 09:32:49.272831 (MainThread): Parsing macros/relations.sql
2021-07-05 09:32:49.275516 (MainThread): Parsing macros/adapters.sql
2021-07-05 09:32:49.299987 (MainThread): Parsing macros/materializations/snapshot_merge.sql
2021-07-05 09:32:49.306019 (MainThread): Parsing macros/core.sql
2021-07-05 09:32:49.314000 (MainThread): Parsing macros/materializations/helpers.sql
2021-07-05 09:32:49.327005 (MainThread): Parsing macros/materializations/snapshot/snapshot_merge.sql
2021-07-05 09:32:49.332052 (MainThread): Parsing macros/materializations/snapshot/strategies.sql
2021-07-05 09:32:49.356764 (MainThread): Parsing macros/materializations/snapshot/snapshot.sql
2021-07-05 09:32:49.396787 (MainThread): Parsing macros/materializations/seed/seed.sql
2021-07-05 09:32:49.422219 (MainThread): Parsing macros/materializations/incremental/helpers.sql
2021-07-05 09:32:49.425595 (MainThread): Parsing macros/materializations/incremental/incremental.sql
2021-07-05 09:32:49.434131 (MainThread): Parsing macros/materializations/common/merge.sql
2021-07-05 09:32:49.451692 (MainThread): Parsing macros/materializations/table/table.sql
2021-07-05 09:32:49.460910 (MainThread): Parsing macros/materializations/view/view.sql
2021-07-05 09:32:49.469279 (MainThread): Parsing macros/materializations/view/create_or_replace_view.sql
2021-07-05 09:32:49.476078 (MainThread): Parsing macros/etc/get_custom_alias.sql
2021-07-05 09:32:49.478825 (MainThread): Parsing macros/etc/query.sql
2021-07-05 09:32:49.481615 (MainThread): Parsing macros/etc/is_incremental.sql
2021-07-05 09:32:49.484866 (MainThread): Parsing macros/etc/datetime.sql
2021-07-05 09:32:49.502789 (MainThread): Parsing macros/etc/get_custom_schema.sql
2021-07-05 09:32:49.507817 (MainThread): Parsing macros/etc/get_custom_database.sql
2021-07-05 09:32:49.515940 (MainThread): Parsing macros/adapters/common.sql
2021-07-05 09:32:49.571909 (MainThread): Parsing macros/schema_tests/relationships.sql
2021-07-05 09:32:49.575840 (MainThread): Parsing macros/schema_tests/not_null.sql
2021-07-05 09:32:49.579234 (MainThread): Parsing macros/schema_tests/unique.sql
2021-07-05 09:32:49.582366 (MainThread): Parsing macros/schema_tests/accepted_values.sql
2021-07-05 09:32:49.591527 (MainThread): Partial parsing not enabled
2021-07-05 09:32:49.820352 (MainThread): Acquiring new postgres connection "model.dbt_playground.my_first_dbt_model".
2021-07-05 09:32:49.833427 (MainThread): Acquiring new postgres connection "model.dbt_playground.my_second_dbt_model".
2021-07-05 09:32:49.917760 (MainThread): [WARNING]: Configuration paths exist in your dbt_project.yml file which do not apply to any resources.
There are 1 unused configuration paths:
- models.my_new_project.example

2021-07-05 09:32:49.918405 (MainThread): Sending event: {'category': 'dbt', 'action': 'load_project', 'label': '3e574c86-fd0e-4c0f-b333-f0369b063ffc', 'context': [<snowplow_tracker.self_describing_json.SelfDescribingJson object at 0x1103aedc0>]}
2021-07-05 09:32:49.923562 (MainThread): Sending event: {'category': 'dbt', 'action': 'resource_counts', 'label': '3e574c86-fd0e-4c0f-b333-f0369b063ffc', 'context': [<snowplow_tracker.self_describing_json.SelfDescribingJson object at 0x1103a80d0>]}
2021-07-05 09:32:49.923996 (MainThread): Found 2 models, 4 tests, 0 snapshots, 0 analyses, 138 macros, 0 operations, 0 seed files, 0 sources, 0 exposures
2021-07-05 09:32:49.924897 (MainThread): 
2021-07-05 09:32:49.925796 (MainThread): Acquiring new postgres connection "master".
2021-07-05 09:32:49.926651 (ThreadPoolExecutor-0_0): Acquiring new postgres connection "list_dbt_playground".
2021-07-05 09:32:49.937242 (ThreadPoolExecutor-0_0): Using postgres connection "list_dbt_playground".
2021-07-05 09:32:49.937535 (ThreadPoolExecutor-0_0): On list_dbt_playground: /* {"app": "dbt", "dbt_version": "0.19.2", "profile_name": "jaffle_shop", "target_name": "dev", "connection_name": "list_dbt_playground"} */

    select distinct nspname from pg_namespace
  
2021-07-05 09:32:49.937654 (ThreadPoolExecutor-0_0): Opening a new connection, currently in state init
2021-07-05 09:32:50.438413 (ThreadPoolExecutor-0_0): SQL status: SELECT 5 in 0.50 seconds
2021-07-05 09:32:50.445346 (ThreadPoolExecutor-0_0): On list_dbt_playground: Close
2021-07-05 09:32:50.447344 (ThreadPoolExecutor-1_0): Acquiring new postgres connection "list_dbt_playground_learning".
2021-07-05 09:32:50.454503 (ThreadPoolExecutor-1_0): Using postgres connection "list_dbt_playground_learning".
2021-07-05 09:32:50.454645 (ThreadPoolExecutor-1_0): On list_dbt_playground_learning: BEGIN
2021-07-05 09:32:50.454755 (ThreadPoolExecutor-1_0): Opening a new connection, currently in state closed
2021-07-05 09:32:50.721241 (ThreadPoolExecutor-1_0): SQL status: BEGIN in 0.27 seconds
2021-07-05 09:32:50.721532 (ThreadPoolExecutor-1_0): Using postgres connection "list_dbt_playground_learning".
2021-07-05 09:32:50.721701 (ThreadPoolExecutor-1_0): On list_dbt_playground_learning: /* {"app": "dbt", "dbt_version": "0.19.2", "profile_name": "jaffle_shop", "target_name": "dev", "connection_name": "list_dbt_playground_learning"} */
select
      'dbt_playground' as database,
      tablename as name,
      schemaname as schema,
      'table' as type
    from pg_tables
    where schemaname ilike 'learning'
    union all
    select
      'dbt_playground' as database,
      viewname as name,
      schemaname as schema,
      'view' as type
    from pg_views
    where schemaname ilike 'learning'
  
2021-07-05 09:32:50.860224 (ThreadPoolExecutor-1_0): SQL status: SELECT 3 in 0.14 seconds
2021-07-05 09:32:50.861330 (ThreadPoolExecutor-1_0): On list_dbt_playground_learning: ROLLBACK
2021-07-05 09:32:50.893241 (ThreadPoolExecutor-1_0): On list_dbt_playground_learning: Close
2021-07-05 09:32:50.901584 (MainThread): Using postgres connection "master".
2021-07-05 09:32:50.901748 (MainThread): On master: BEGIN
2021-07-05 09:32:50.901866 (MainThread): Opening a new connection, currently in state init
2021-07-05 09:32:51.170929 (MainThread): SQL status: BEGIN in 0.27 seconds
2021-07-05 09:32:51.171206 (MainThread): Using postgres connection "master".
2021-07-05 09:32:51.171382 (MainThread): On master: /* {"app": "dbt", "dbt_version": "0.19.2", "profile_name": "jaffle_shop", "target_name": "dev", "connection_name": "master"} */
with relation as (
        select
            pg_rewrite.ev_class as class,
            pg_rewrite.oid as id
        from pg_rewrite
    ),
    class as (
        select
            oid as id,
            relname as name,
            relnamespace as schema,
            relkind as kind
        from pg_class
    ),
    dependency as (
        select
            pg_depend.objid as id,
            pg_depend.refobjid as ref
        from pg_depend
    ),
    schema as (
        select
            pg_namespace.oid as id,
            pg_namespace.nspname as name
        from pg_namespace
        where nspname != 'information_schema' and nspname not like 'pg\_%'
    ),
    referenced as (
        select
            relation.id AS id,
            referenced_class.name ,
            referenced_class.schema ,
            referenced_class.kind
        from relation
        join class as referenced_class on relation.class=referenced_class.id
        where referenced_class.kind in ('r', 'v')
    ),
    relationships as (
        select
            referenced.name as referenced_name,
            referenced.schema as referenced_schema_id,
            dependent_class.name as dependent_name,
            dependent_class.schema as dependent_schema_id,
            referenced.kind as kind
        from referenced
        join dependency on referenced.id=dependency.id
        join class as dependent_class on dependency.ref=dependent_class.id
        where
            (referenced.name != dependent_class.name or
             referenced.schema != dependent_class.schema)
    )

    select
        referenced_schema.name as referenced_schema,
        relationships.referenced_name as referenced_name,
        dependent_schema.name as dependent_schema,
        relationships.dependent_name as dependent_name
    from relationships
    join schema as dependent_schema on relationships.dependent_schema_id=dependent_schema.id
    join schema as referenced_schema on relationships.referenced_schema_id=referenced_schema.id
    group by referenced_schema, referenced_name, dependent_schema, dependent_name
    order by referenced_schema, referenced_name, dependent_schema, dependent_name;
2021-07-05 09:32:51.242948 (MainThread): SQL status: SELECT 0 in 0.07 seconds
2021-07-05 09:32:51.243671 (MainThread): On master: ROLLBACK
2021-07-05 09:32:51.276285 (MainThread): Using postgres connection "master".
2021-07-05 09:32:51.276659 (MainThread): On master: BEGIN
2021-07-05 09:32:51.341073 (MainThread): SQL status: BEGIN in 0.06 seconds
2021-07-05 09:32:51.341457 (MainThread): On master: COMMIT
2021-07-05 09:32:51.341647 (MainThread): Using postgres connection "master".
2021-07-05 09:32:51.341798 (MainThread): On master: COMMIT
2021-07-05 09:32:51.374186 (MainThread): SQL status: COMMIT in 0.03 seconds
2021-07-05 09:32:51.374708 (MainThread): On master: Close
2021-07-05 09:32:51.375488 (MainThread): 12:32:51 | Concurrency: 7 threads (target='dev')
2021-07-05 09:32:51.375735 (MainThread): 12:32:51 | 
2021-07-05 09:32:51.381473 (Thread-1): Began running node model.dbt_playground.my_first_dbt_model
2021-07-05 09:32:51.381880 (Thread-1): 12:32:51 | 1 of 2 START table model learning.my_first_dbt_model................. [RUN]
2021-07-05 09:32:51.382294 (Thread-1): Acquiring new postgres connection "model.dbt_playground.my_first_dbt_model".
2021-07-05 09:32:51.382441 (Thread-1): Compiling model.dbt_playground.my_first_dbt_model
2021-07-05 09:32:51.385160 (Thread-1): Writing injected SQL for node "model.dbt_playground.my_first_dbt_model"
2021-07-05 09:32:51.385911 (Thread-1): finished collecting timing info
2021-07-05 09:32:51.409634 (Thread-1): Using postgres connection "model.dbt_playground.my_first_dbt_model".
2021-07-05 09:32:51.409826 (Thread-1): On model.dbt_playground.my_first_dbt_model: /* {"app": "dbt", "dbt_version": "0.19.2", "profile_name": "jaffle_shop", "target_name": "dev", "node_id": "model.dbt_playground.my_first_dbt_model"} */
drop table if exists "dbt_playground"."learning"."my_first_dbt_model__dbt_tmp" cascade
2021-07-05 09:32:51.409993 (Thread-1): Opening a new connection, currently in state closed
2021-07-05 09:32:51.682047 (Thread-1): SQL status: DROP TABLE in 0.27 seconds
2021-07-05 09:32:51.685922 (Thread-1): Using postgres connection "model.dbt_playground.my_first_dbt_model".
2021-07-05 09:32:51.686108 (Thread-1): On model.dbt_playground.my_first_dbt_model: /* {"app": "dbt", "dbt_version": "0.19.2", "profile_name": "jaffle_shop", "target_name": "dev", "node_id": "model.dbt_playground.my_first_dbt_model"} */
drop table if exists "dbt_playground"."learning"."my_first_dbt_model__dbt_backup" cascade
2021-07-05 09:32:51.717794 (Thread-1): SQL status: DROP TABLE in 0.03 seconds
2021-07-05 09:32:51.732354 (Thread-1): Writing runtime SQL for node "model.dbt_playground.my_first_dbt_model"
2021-07-05 09:32:51.733111 (Thread-1): Using postgres connection "model.dbt_playground.my_first_dbt_model".
2021-07-05 09:32:51.733220 (Thread-1): On model.dbt_playground.my_first_dbt_model: BEGIN
2021-07-05 09:32:51.765290 (Thread-1): SQL status: BEGIN in 0.03 seconds
2021-07-05 09:32:51.765596 (Thread-1): Using postgres connection "model.dbt_playground.my_first_dbt_model".
2021-07-05 09:32:51.765767 (Thread-1): On model.dbt_playground.my_first_dbt_model: /* {"app": "dbt", "dbt_version": "0.19.2", "profile_name": "jaffle_shop", "target_name": "dev", "node_id": "model.dbt_playground.my_first_dbt_model"} */


  create  table "dbt_playground"."learning"."my_first_dbt_model__dbt_tmp"
  as (
    /*
    Welcome to your first dbt model!
    Did you know that you can also configure models directly within SQL files?
    This will override configurations stated in dbt_project.yml

    Try changing "table" to "view" below
*/



with source_data as (

    select 1 as id
    union all
    select null as id

)

select *
from source_data

/*
    Uncomment the line below to remove records with null `id` values
*/

-- where id is not null
  );
2021-07-05 09:32:51.986165 (Thread-1): SQL status: SELECT 2 in 0.22 seconds
2021-07-05 09:32:51.994998 (Thread-1): Using postgres connection "model.dbt_playground.my_first_dbt_model".
2021-07-05 09:32:51.995152 (Thread-1): On model.dbt_playground.my_first_dbt_model: /* {"app": "dbt", "dbt_version": "0.19.2", "profile_name": "jaffle_shop", "target_name": "dev", "node_id": "model.dbt_playground.my_first_dbt_model"} */
alter table "dbt_playground"."learning"."my_first_dbt_model__dbt_tmp" rename to "my_first_dbt_model"
2021-07-05 09:32:52.028503 (Thread-1): SQL status: ALTER TABLE in 0.03 seconds
2021-07-05 09:32:52.036999 (Thread-1): On model.dbt_playground.my_first_dbt_model: COMMIT
2021-07-05 09:32:52.037142 (Thread-1): Using postgres connection "model.dbt_playground.my_first_dbt_model".
2021-07-05 09:32:52.037232 (Thread-1): On model.dbt_playground.my_first_dbt_model: COMMIT
2021-07-05 09:32:52.070370 (Thread-1): SQL status: COMMIT in 0.03 seconds
2021-07-05 09:32:52.074343 (Thread-1): Using postgres connection "model.dbt_playground.my_first_dbt_model".
2021-07-05 09:32:52.074559 (Thread-1): On model.dbt_playground.my_first_dbt_model: /* {"app": "dbt", "dbt_version": "0.19.2", "profile_name": "jaffle_shop", "target_name": "dev", "node_id": "model.dbt_playground.my_first_dbt_model"} */
drop table if exists "dbt_playground"."learning"."my_first_dbt_model__dbt_backup" cascade
2021-07-05 09:32:52.107372 (Thread-1): SQL status: DROP TABLE in 0.03 seconds
2021-07-05 09:32:52.109333 (Thread-1): finished collecting timing info
2021-07-05 09:32:52.109547 (Thread-1): On model.dbt_playground.my_first_dbt_model: Close
2021-07-05 09:32:52.110231 (Thread-1): Sending event: {'category': 'dbt', 'action': 'run_model', 'label': '3e574c86-fd0e-4c0f-b333-f0369b063ffc', 'context': [<snowplow_tracker.self_describing_json.SelfDescribingJson object at 0x110421c40>]}
2021-07-05 09:32:52.110665 (Thread-1): 12:32:52 | 1 of 2 OK created table model learning.my_first_dbt_model............ [SELECT 2 in 0.73s]
2021-07-05 09:32:52.110852 (Thread-1): Finished running node model.dbt_playground.my_first_dbt_model
2021-07-05 09:32:52.111485 (Thread-3): Began running node model.dbt_playground.my_second_dbt_model
2021-07-05 09:32:52.111997 (Thread-3): 12:32:52 | 2 of 2 START view model learning.my_second_dbt_model................. [RUN]
2021-07-05 09:32:52.112367 (Thread-3): Acquiring new postgres connection "model.dbt_playground.my_second_dbt_model".
2021-07-05 09:32:52.112509 (Thread-3): Compiling model.dbt_playground.my_second_dbt_model
2021-07-05 09:32:52.115109 (Thread-3): Writing injected SQL for node "model.dbt_playground.my_second_dbt_model"
2021-07-05 09:32:52.115741 (Thread-3): finished collecting timing info
2021-07-05 09:32:52.132129 (Thread-3): Using postgres connection "model.dbt_playground.my_second_dbt_model".
2021-07-05 09:32:52.132409 (Thread-3): On model.dbt_playground.my_second_dbt_model: /* {"app": "dbt", "dbt_version": "0.19.2", "profile_name": "jaffle_shop", "target_name": "dev", "node_id": "model.dbt_playground.my_second_dbt_model"} */
drop view if exists "dbt_playground"."learning"."my_second_dbt_model__dbt_tmp" cascade
2021-07-05 09:32:52.132511 (Thread-3): Opening a new connection, currently in state init
2021-07-05 09:32:52.392165 (Thread-3): SQL status: DROP VIEW in 0.26 seconds
2021-07-05 09:32:52.395649 (Thread-3): Using postgres connection "model.dbt_playground.my_second_dbt_model".
2021-07-05 09:32:52.395803 (Thread-3): On model.dbt_playground.my_second_dbt_model: /* {"app": "dbt", "dbt_version": "0.19.2", "profile_name": "jaffle_shop", "target_name": "dev", "node_id": "model.dbt_playground.my_second_dbt_model"} */
drop view if exists "dbt_playground"."learning"."my_second_dbt_model__dbt_backup" cascade
2021-07-05 09:32:52.427376 (Thread-3): SQL status: DROP VIEW in 0.03 seconds
2021-07-05 09:32:52.435021 (Thread-3): Writing runtime SQL for node "model.dbt_playground.my_second_dbt_model"
2021-07-05 09:32:52.435699 (Thread-3): Using postgres connection "model.dbt_playground.my_second_dbt_model".
2021-07-05 09:32:52.435832 (Thread-3): On model.dbt_playground.my_second_dbt_model: BEGIN
2021-07-05 09:32:52.467855 (Thread-3): SQL status: BEGIN in 0.03 seconds
2021-07-05 09:32:52.468314 (Thread-3): Using postgres connection "model.dbt_playground.my_second_dbt_model".
2021-07-05 09:32:52.468487 (Thread-3): On model.dbt_playground.my_second_dbt_model: /* {"app": "dbt", "dbt_version": "0.19.2", "profile_name": "jaffle_shop", "target_name": "dev", "node_id": "model.dbt_playground.my_second_dbt_model"} */

  create view "dbt_playground"."learning"."my_second_dbt_model__dbt_tmp" as (
    -- Use the `ref` function to select from other models

select *
from "dbt_playground"."learning"."my_first_dbt_model"
where id = 1
  );

2021-07-05 09:32:52.512871 (Thread-3): SQL status: CREATE VIEW in 0.04 seconds
2021-07-05 09:32:52.516649 (Thread-3): Using postgres connection "model.dbt_playground.my_second_dbt_model".
2021-07-05 09:32:52.516804 (Thread-3): On model.dbt_playground.my_second_dbt_model: /* {"app": "dbt", "dbt_version": "0.19.2", "profile_name": "jaffle_shop", "target_name": "dev", "node_id": "model.dbt_playground.my_second_dbt_model"} */
alter table "dbt_playground"."learning"."my_second_dbt_model__dbt_tmp" rename to "my_second_dbt_model"
2021-07-05 09:32:52.549467 (Thread-3): SQL status: ALTER TABLE in 0.03 seconds
2021-07-05 09:32:52.551748 (Thread-3): On model.dbt_playground.my_second_dbt_model: COMMIT
2021-07-05 09:32:52.551952 (Thread-3): Using postgres connection "model.dbt_playground.my_second_dbt_model".
2021-07-05 09:32:52.552103 (Thread-3): On model.dbt_playground.my_second_dbt_model: COMMIT
2021-07-05 09:32:52.585661 (Thread-3): SQL status: COMMIT in 0.03 seconds
2021-07-05 09:32:52.588225 (Thread-3): Using postgres connection "model.dbt_playground.my_second_dbt_model".
2021-07-05 09:32:52.588400 (Thread-3): On model.dbt_playground.my_second_dbt_model: /* {"app": "dbt", "dbt_version": "0.19.2", "profile_name": "jaffle_shop", "target_name": "dev", "node_id": "model.dbt_playground.my_second_dbt_model"} */
drop view if exists "dbt_playground"."learning"."my_second_dbt_model__dbt_backup" cascade
2021-07-05 09:32:52.619672 (Thread-3): SQL status: DROP VIEW in 0.03 seconds
2021-07-05 09:32:52.621866 (Thread-3): finished collecting timing info
2021-07-05 09:32:52.622094 (Thread-3): On model.dbt_playground.my_second_dbt_model: Close
2021-07-05 09:32:52.622753 (Thread-3): Sending event: {'category': 'dbt', 'action': 'run_model', 'label': '3e574c86-fd0e-4c0f-b333-f0369b063ffc', 'context': [<snowplow_tracker.self_describing_json.SelfDescribingJson object at 0x110431b50>]}
2021-07-05 09:32:52.623177 (Thread-3): 12:32:52 | 2 of 2 OK created view model learning.my_second_dbt_model............ [CREATE VIEW in 0.51s]
2021-07-05 09:32:52.623364 (Thread-3): Finished running node model.dbt_playground.my_second_dbt_model
2021-07-05 09:32:52.625206 (MainThread): Acquiring new postgres connection "master".
2021-07-05 09:32:52.625452 (MainThread): Using postgres connection "master".
2021-07-05 09:32:52.625556 (MainThread): On master: BEGIN
2021-07-05 09:32:52.625659 (MainThread): Opening a new connection, currently in state closed
2021-07-05 09:32:52.888735 (MainThread): SQL status: BEGIN in 0.26 seconds
2021-07-05 09:32:52.889064 (MainThread): On master: COMMIT
2021-07-05 09:32:52.889237 (MainThread): Using postgres connection "master".
2021-07-05 09:32:52.889387 (MainThread): On master: COMMIT
2021-07-05 09:32:52.920534 (MainThread): SQL status: COMMIT in 0.03 seconds
2021-07-05 09:32:52.921018 (MainThread): On master: Close
2021-07-05 09:32:52.921815 (MainThread): 12:32:52 | 
2021-07-05 09:32:52.922045 (MainThread): 12:32:52 | Finished running 1 table model, 1 view model in 3.00s.
2021-07-05 09:32:52.922236 (MainThread): Connection 'master' was properly closed.
2021-07-05 09:32:52.922385 (MainThread): Connection 'model.dbt_playground.my_first_dbt_model' was properly closed.
2021-07-05 09:32:52.922519 (MainThread): Connection 'model.dbt_playground.my_second_dbt_model' was properly closed.
2021-07-05 09:32:52.928617 (MainThread): 
2021-07-05 09:32:52.928821 (MainThread): Completed successfully
2021-07-05 09:32:52.928985 (MainThread): 
Done. PASS=2 WARN=0 ERROR=0 SKIP=0 TOTAL=2
2021-07-05 09:32:52.929214 (MainThread): Sending event: {'category': 'dbt', 'action': 'invocation', 'label': 'end', 'context': [<snowplow_tracker.self_describing_json.SelfDescribingJson object at 0x1101b72b0>, <snowplow_tracker.self_describing_json.SelfDescribingJson object at 0x1101b7d30>, <snowplow_tracker.self_describing_json.SelfDescribingJson object at 0x1101b74c0>]}
2021-07-05 09:32:52.929467 (MainThread): Flushing usage events
